2025-07-04 08:52:58,439 - MainThread - sqlmesh.core.config.connection - INFO - Creating new DuckDB adapter for in-memory database (connection.py:453)
2025-07-04 08:53:00,001 - MainThread - sqlmesh.core.plan.evaluator - INFO - Evaluating plan stage CreateSnapshotRecordsStage (evaluator.py:119)
2025-07-04 08:53:00,020 - MainThread - sqlmesh.core.plan.evaluator - INFO - Evaluating plan stage PhysicalLayerUpdateStage (evaluator.py:119)
2025-07-04 08:53:00,022 - ThreadPoolExecutor-1_0 - sqlmesh.core.snapshot.evaluator - INFO - Listing data objects in schema postgres.sqlmesh__kaggle (evaluator.py:350)
2025-07-04 08:53:00,023 - ThreadPoolExecutor-1_1 - sqlmesh.core.snapshot.evaluator - INFO - Listing data objects in schema postgres.sqlmesh__sqlmesh_example (evaluator.py:350)
2025-07-04 08:53:00,031 - ThreadPoolExecutor-1_0 - sqlmesh.core.engine_adapter.base - INFO - Executing SQL: SELECT current_catalog (base.py:2244)
2025-07-04 08:53:00,038 - ThreadPoolExecutor-1_1 - sqlmesh.core.engine_adapter.base - INFO - Executing SQL: SELECT current_catalog (base.py:2244)
2025-07-04 08:53:00,057 - MainThread - sqlmesh.core.snapshot.evaluator - INFO - Creating schema 'postgres.sqlmesh__sqlmesh_example' (evaluator.py:1143)
2025-07-04 08:53:00,065 - MainThread - sqlmesh.core.engine_adapter.base - INFO - Executing SQL: CREATE SCHEMA IF NOT EXISTS "sqlmesh__sqlmesh_example" (base.py:2244)
2025-07-04 08:53:00,066 - MainThread - sqlmesh.core.snapshot.evaluator - INFO - Creating schema 'postgres.sqlmesh__kaggle' (evaluator.py:1143)
2025-07-04 08:53:00,066 - MainThread - sqlmesh.core.engine_adapter.base - INFO - Executing SQL: CREATE SCHEMA IF NOT EXISTS "sqlmesh__kaggle" (base.py:2244)
2025-07-04 08:53:00,077 - ThreadPoolExecutor-2_0 - sqlmesh.core.snapshot.evaluator - INFO - Creating table 'postgres.sqlmesh__kaggle.kaggle__kaggle_data_model__1262341036' (evaluator.py:1495)
2025-07-04 08:53:00,077 - ThreadPoolExecutor-2_0 - sqlmesh.core.engine_adapter.base - INFO - Executing SQL: CREATE TABLE IF NOT EXISTS "sqlmesh__kaggle"."kaggle__kaggle_data_model__1262341036" ("store_number" INT, "date" TIMESTAMP) (base.py:2244)
2025-07-04 08:53:00,087 - MainThread - sqlmesh.core.plan.evaluator - INFO - Evaluating plan stage BackfillStage (evaluator.py:119)
2025-07-04 08:53:00,090 - ThreadPoolExecutor-3_0 - sqlmesh.core.snapshot.evaluator - INFO - Evaluating snapshot SnapshotId<"postgres"."kaggle"."kaggle_data_model": 2536231067> (evaluator.py:636)
2025-07-04 08:53:01,537 - ThreadPoolExecutor-3_0 - sqlmesh.core.snapshot.evaluator - INFO - Inserting batch (2025-07-02 00:00:00, 2025-07-03 00:00:00) into postgres.sqlmesh__kaggle.kaggle__kaggle_data_model__1262341036' (evaluator.py:690)
2025-07-04 08:53:01,546 - ThreadPoolExecutor-3_0 - sqlmesh.core.engine_adapter.base - INFO - Executing SQL: SELECT 1 FROM "information_schema"."tables" WHERE "table_name" = 'kaggle__kaggle_data_model__1262341036' AND "table_schema" = 'sqlmesh__kaggle' (base.py:2244)
2025-07-04 08:53:01,555 - ThreadPoolExecutor-3_0 - sqlmesh.core.engine_adapter.base - INFO - Executing SQL: DELETE FROM "sqlmesh__kaggle"."kaggle__kaggle_data_model__1262341036" WHERE TRUE (base.py:2244)
2025-07-04 08:53:01,564 - ThreadPoolExecutor-3_0 - sqlmesh.core.engine_adapter.base - INFO - Executing SQL: INSERT INTO "sqlmesh__kaggle"."kaggle__kaggle_data_model__1262341036" ("store_number", "date") SELECT CAST("store_number" AS INT) AS "store_number", CAST("date" AS TIMESTAMP) AS "date" FROM (VALUES "<REDACTED VALUES>") AS "t"("store_number", "date") (base.py:2244)
2025-07-04 08:53:01,578 - ThreadPoolExecutor-3_0 - sqlmesh.core.engine_adapter.base - INFO - Executing SQL: INSERT INTO "sqlmesh__kaggle"."kaggle__kaggle_data_model__1262341036" ("store_number", "date") SELECT CAST("store_number" AS INT) AS "store_number", CAST("date" AS TIMESTAMP) AS "date" FROM (VALUES "<REDACTED VALUES>") AS "t"("store_number", "date") (base.py:2244)
2025-07-04 08:53:01,593 - ThreadPoolExecutor-3_0 - sqlmesh.core.engine_adapter.base - INFO - Executing SQL: INSERT INTO "sqlmesh__kaggle"."kaggle__kaggle_data_model__1262341036" ("store_number", "date") SELECT CAST("store_number" AS INT) AS "store_number", CAST("date" AS TIMESTAMP) AS "date" FROM (VALUES "<REDACTED VALUES>") AS "t"("store_number", "date") (base.py:2244)
2025-07-04 08:53:01,612 - ThreadPoolExecutor-3_0 - sqlmesh.core.engine_adapter.base - INFO - Executing SQL: INSERT INTO "sqlmesh__kaggle"."kaggle__kaggle_data_model__1262341036" ("store_number", "date") SELECT CAST("store_number" AS INT) AS "store_number", CAST("date" AS TIMESTAMP) AS "date" FROM (VALUES "<REDACTED VALUES>") AS "t"("store_number", "date") (base.py:2244)
2025-07-04 08:53:01,627 - ThreadPoolExecutor-3_0 - sqlmesh.core.engine_adapter.base - INFO - Executing SQL: INSERT INTO "sqlmesh__kaggle"."kaggle__kaggle_data_model__1262341036" ("store_number", "date") SELECT CAST("store_number" AS INT) AS "store_number", CAST("date" AS TIMESTAMP) AS "date" FROM (VALUES "<REDACTED VALUES>") AS "t"("store_number", "date") (base.py:2244)
2025-07-04 08:53:01,642 - ThreadPoolExecutor-3_0 - sqlmesh.core.engine_adapter.base - INFO - Executing SQL: INSERT INTO "sqlmesh__kaggle"."kaggle__kaggle_data_model__1262341036" ("store_number", "date") SELECT CAST("store_number" AS INT) AS "store_number", CAST("date" AS TIMESTAMP) AS "date" FROM (VALUES "<REDACTED VALUES>") AS "t"("store_number", "date") (base.py:2244)
2025-07-04 08:53:01,655 - ThreadPoolExecutor-3_0 - sqlmesh.core.engine_adapter.base - INFO - Executing SQL: INSERT INTO "sqlmesh__kaggle"."kaggle__kaggle_data_model__1262341036" ("store_number", "date") SELECT CAST("store_number" AS INT) AS "store_number", CAST("date" AS TIMESTAMP) AS "date" FROM (VALUES "<REDACTED VALUES>") AS "t"("store_number", "date") (base.py:2244)
2025-07-04 08:53:01,668 - ThreadPoolExecutor-3_0 - sqlmesh.core.engine_adapter.base - INFO - Executing SQL: INSERT INTO "sqlmesh__kaggle"."kaggle__kaggle_data_model__1262341036" ("store_number", "date") SELECT CAST("store_number" AS INT) AS "store_number", CAST("date" AS TIMESTAMP) AS "date" FROM (VALUES "<REDACTED VALUES>") AS "t"("store_number", "date") (base.py:2244)
2025-07-04 08:53:01,683 - ThreadPoolExecutor-3_0 - sqlmesh.core.engine_adapter.base - INFO - Executing SQL: INSERT INTO "sqlmesh__kaggle"."kaggle__kaggle_data_model__1262341036" ("store_number", "date") SELECT CAST("store_number" AS INT) AS "store_number", CAST("date" AS TIMESTAMP) AS "date" FROM (VALUES "<REDACTED VALUES>") AS "t"("store_number", "date") (base.py:2244)
2025-07-04 08:53:01,697 - ThreadPoolExecutor-3_0 - sqlmesh.core.engine_adapter.base - INFO - Executing SQL: INSERT INTO "sqlmesh__kaggle"."kaggle__kaggle_data_model__1262341036" ("store_number", "date") SELECT CAST("store_number" AS INT) AS "store_number", CAST("date" AS TIMESTAMP) AS "date" FROM (VALUES "<REDACTED VALUES>") AS "t"("store_number", "date") (base.py:2244)
2025-07-04 08:53:01,795 - ThreadPoolExecutor-3_0 - sqlmesh.core.engine_adapter.base - INFO - Executing SQL: INSERT INTO "sqlmesh__kaggle"."kaggle__kaggle_data_model__1262341036" ("store_number", "date") SELECT CAST("store_number" AS INT) AS "store_number", CAST("date" AS TIMESTAMP) AS "date" FROM (VALUES "<REDACTED VALUES>") AS "t"("store_number", "date") (base.py:2244)
2025-07-04 08:53:01,809 - ThreadPoolExecutor-3_0 - sqlmesh.core.engine_adapter.base - INFO - Executing SQL: INSERT INTO "sqlmesh__kaggle"."kaggle__kaggle_data_model__1262341036" ("store_number", "date") SELECT CAST("store_number" AS INT) AS "store_number", CAST("date" AS TIMESTAMP) AS "date" FROM (VALUES "<REDACTED VALUES>") AS "t"("store_number", "date") (base.py:2244)
2025-07-04 08:53:01,824 - ThreadPoolExecutor-3_0 - sqlmesh.core.engine_adapter.base - INFO - Executing SQL: INSERT INTO "sqlmesh__kaggle"."kaggle__kaggle_data_model__1262341036" ("store_number", "date") SELECT CAST("store_number" AS INT) AS "store_number", CAST("date" AS TIMESTAMP) AS "date" FROM (VALUES "<REDACTED VALUES>") AS "t"("store_number", "date") (base.py:2244)
2025-07-04 08:53:01,838 - ThreadPoolExecutor-3_0 - sqlmesh.core.engine_adapter.base - INFO - Executing SQL: INSERT INTO "sqlmesh__kaggle"."kaggle__kaggle_data_model__1262341036" ("store_number", "date") SELECT CAST("store_number" AS INT) AS "store_number", CAST("date" AS TIMESTAMP) AS "date" FROM (VALUES "<REDACTED VALUES>") AS "t"("store_number", "date") (base.py:2244)
2025-07-04 08:53:01,851 - ThreadPoolExecutor-3_0 - sqlmesh.core.engine_adapter.base - INFO - Executing SQL: INSERT INTO "sqlmesh__kaggle"."kaggle__kaggle_data_model__1262341036" ("store_number", "date") SELECT CAST("store_number" AS INT) AS "store_number", CAST("date" AS TIMESTAMP) AS "date" FROM (VALUES "<REDACTED VALUES>") AS "t"("store_number", "date") (base.py:2244)
2025-07-04 08:53:01,864 - ThreadPoolExecutor-3_0 - sqlmesh.core.engine_adapter.base - INFO - Executing SQL: INSERT INTO "sqlmesh__kaggle"."kaggle__kaggle_data_model__1262341036" ("store_number", "date") SELECT CAST("store_number" AS INT) AS "store_number", CAST("date" AS TIMESTAMP) AS "date" FROM (VALUES "<REDACTED VALUES>") AS "t"("store_number", "date") (base.py:2244)
2025-07-04 08:53:01,868 - ThreadPoolExecutor-3_0 - sqlmesh.core.engine_adapter.base - INFO - Executing SQL: INSERT INTO "sqlmesh__kaggle"."kaggle__kaggle_data_model__1262341036" ("store_number", "date") SELECT CAST("store_number" AS INT) AS "store_number", CAST("date" AS TIMESTAMP) AS "date" FROM (VALUES "<REDACTED VALUES>") AS "t"("store_number", "date") (base.py:2244)
2025-07-04 08:53:01,880 - ThreadPoolExecutor-3_0 - sqlmesh.core.state_sync.db.facade - INFO - Adding interval (2025-07-02 00:00:00, 2025-07-03 00:00:00) for snapshot SnapshotId<"postgres"."kaggle"."kaggle_data_model": 2536231067> (facade.py:621)
2025-07-04 08:53:01,881 - ThreadPoolExecutor-3_0 - sqlmesh.core.state_sync.db.interval - INFO - Pushing intervals for snapshot SnapshotId<"postgres"."kaggle"."kaggle_data_model": 2536231067> (interval.py:214)
2025-07-04 08:53:01,895 - MainThread - sqlmesh.core.plan.evaluator - INFO - Evaluating plan stage EnvironmentRecordUpdateStage (evaluator.py:119)
2025-07-04 08:53:01,897 - MainThread - sqlmesh.core.state_sync.db.facade - INFO - Promoting environment 'prod' (facade.py:169)
2025-07-04 08:53:01,910 - MainThread - sqlmesh.core.plan.evaluator - INFO - Evaluating plan stage UnpauseStage (evaluator.py:119)
2025-07-04 08:53:01,913 - MainThread - sqlmesh.core.state_sync.db.snapshot - INFO - Unpausing snapshot SnapshotId<"postgres"."kaggle"."kaggle_data_model": 2536231067> (snapshot.py:144)
2025-07-04 08:53:01,916 - MainThread - sqlmesh.core.plan.evaluator - INFO - Evaluating plan stage VirtualLayerUpdateStage (evaluator.py:119)
2025-07-04 08:53:01,919 - MainThread - sqlmesh.core.snapshot.evaluator - INFO - Creating schema 'postgres.kaggle' (evaluator.py:1143)
2025-07-04 08:53:01,919 - MainThread - sqlmesh.core.engine_adapter.base - INFO - Executing SQL: CREATE SCHEMA IF NOT EXISTS "kaggle" (base.py:2244)
2025-07-04 08:53:01,921 - ThreadPoolExecutor-4_0 - sqlmesh.core.snapshot.evaluator - INFO - Updating view 'postgres.kaggle.kaggle_data_model' to point at table 'postgres.sqlmesh__kaggle.kaggle__kaggle_data_model__1262341036' (evaluator.py:1450)
2025-07-04 08:53:01,928 - ThreadPoolExecutor-4_0 - sqlmesh.core.engine_adapter.base - INFO - Executing SQL: DROP VIEW IF EXISTS "kaggle"."kaggle_data_model" CASCADE (base.py:2244)
2025-07-04 08:53:01,930 - ThreadPoolExecutor-4_0 - sqlmesh.core.engine_adapter.base - INFO - Executing SQL: CREATE VIEW "kaggle"."kaggle_data_model" AS SELECT * FROM "postgres"."sqlmesh__kaggle"."kaggle__kaggle_data_model__1262341036" (base.py:2244)
2025-07-04 08:53:01,937 - MainThread - sqlmesh.core.plan.evaluator - INFO - Evaluating plan stage FinalizeEnvironmentStage (evaluator.py:119)
2025-07-04 08:53:01,939 - MainThread - sqlmesh.core.state_sync.db.environment - INFO - Finalizing environment 'prod' (environment.py:139)
2025-07-04 08:53:01,943 - MainThread - root - INFO - Shutting down the event dispatcher (dispatcher.py:159)
