2025-07-04 08:50:40,288 - MainThread - sqlmesh.core.config.connection - INFO - Creating new DuckDB adapter for in-memory database (connection.py:453)
2025-07-04 08:50:41,739 - MainThread - sqlmesh.core.plan.evaluator - INFO - Evaluating plan stage CreateSnapshotRecordsStage (evaluator.py:119)
2025-07-04 08:50:41,758 - MainThread - sqlmesh.core.plan.evaluator - INFO - Evaluating plan stage PhysicalLayerUpdateStage (evaluator.py:119)
2025-07-04 08:50:41,760 - ThreadPoolExecutor-1_0 - sqlmesh.core.snapshot.evaluator - INFO - Listing data objects in schema postgres.sqlmesh__kaggle (evaluator.py:350)
2025-07-04 08:50:41,761 - ThreadPoolExecutor-1_1 - sqlmesh.core.snapshot.evaluator - INFO - Listing data objects in schema postgres.sqlmesh__sqlmesh_example (evaluator.py:350)
2025-07-04 08:50:41,767 - ThreadPoolExecutor-1_0 - sqlmesh.core.engine_adapter.base - INFO - Executing SQL: SELECT current_catalog (base.py:2244)
2025-07-04 08:50:41,773 - ThreadPoolExecutor-1_1 - sqlmesh.core.engine_adapter.base - INFO - Executing SQL: SELECT current_catalog (base.py:2244)
2025-07-04 08:50:41,787 - MainThread - sqlmesh.core.snapshot.evaluator - INFO - Creating schema 'postgres.sqlmesh__sqlmesh_example' (evaluator.py:1143)
2025-07-04 08:50:41,794 - MainThread - sqlmesh.core.engine_adapter.base - INFO - Executing SQL: CREATE SCHEMA IF NOT EXISTS "sqlmesh__sqlmesh_example" (base.py:2244)
2025-07-04 08:50:41,795 - MainThread - sqlmesh.core.snapshot.evaluator - INFO - Creating schema 'postgres.sqlmesh__kaggle' (evaluator.py:1143)
2025-07-04 08:50:41,795 - MainThread - sqlmesh.core.engine_adapter.base - INFO - Executing SQL: CREATE SCHEMA IF NOT EXISTS "sqlmesh__kaggle" (base.py:2244)
2025-07-04 08:50:41,803 - ThreadPoolExecutor-2_0 - sqlmesh.core.snapshot.evaluator - INFO - Creating table 'postgres.sqlmesh__kaggle.kaggle__kaggle_data_model__4078954807' (evaluator.py:1495)
2025-07-04 08:50:41,803 - ThreadPoolExecutor-2_0 - sqlmesh.core.engine_adapter.base - INFO - Executing SQL: CREATE TABLE IF NOT EXISTS "sqlmesh__kaggle"."kaggle__kaggle_data_model__4078954807" ("store_number" INT, "date" TIMESTAMP) (base.py:2244)
2025-07-04 08:50:41,813 - MainThread - sqlmesh.core.plan.evaluator - INFO - Evaluating plan stage BackfillStage (evaluator.py:119)
2025-07-04 08:50:41,816 - ThreadPoolExecutor-3_0 - sqlmesh.core.snapshot.evaluator - INFO - Evaluating snapshot SnapshotId<"postgres"."kaggle"."kaggle_data_model": 3545519177> (evaluator.py:636)
2025-07-04 08:50:43,214 - ThreadPoolExecutor-3_0 - sqlmesh.core.snapshot.evaluator - INFO - Inserting batch (2025-07-02 00:00:00, 2025-07-03 00:00:00) into postgres.sqlmesh__kaggle.kaggle__kaggle_data_model__4078954807' (evaluator.py:690)
2025-07-04 08:50:43,224 - ThreadPoolExecutor-3_0 - sqlmesh.core.engine_adapter.base - INFO - Executing SQL: SELECT 1 FROM "information_schema"."tables" WHERE "table_name" = 'kaggle__kaggle_data_model__4078954807' AND "table_schema" = 'sqlmesh__kaggle' (base.py:2244)
2025-07-04 08:50:43,235 - ThreadPoolExecutor-3_0 - sqlmesh.core.engine_adapter.base - INFO - Executing SQL: DELETE FROM "sqlmesh__kaggle"."kaggle__kaggle_data_model__4078954807" WHERE TRUE (base.py:2244)
2025-07-04 08:50:43,245 - ThreadPoolExecutor-3_0 - sqlmesh.core.engine_adapter.base - INFO - Executing SQL: INSERT INTO "sqlmesh__kaggle"."kaggle__kaggle_data_model__4078954807" ("store_number", "date") SELECT CAST("store_number" AS INT) AS "store_number", CAST("date" AS TIMESTAMP) AS "date" FROM (VALUES "<REDACTED VALUES>") AS "t"("store_number", "date") (base.py:2244)
2025-07-04 08:50:43,263 - ThreadPoolExecutor-3_0 - sqlmesh.core.engine_adapter.base - INFO - Executing SQL: INSERT INTO "sqlmesh__kaggle"."kaggle__kaggle_data_model__4078954807" ("store_number", "date") SELECT CAST("store_number" AS INT) AS "store_number", CAST("date" AS TIMESTAMP) AS "date" FROM (VALUES "<REDACTED VALUES>") AS "t"("store_number", "date") (base.py:2244)
2025-07-04 08:50:43,280 - ThreadPoolExecutor-3_0 - sqlmesh.core.engine_adapter.base - INFO - Executing SQL: INSERT INTO "sqlmesh__kaggle"."kaggle__kaggle_data_model__4078954807" ("store_number", "date") SELECT CAST("store_number" AS INT) AS "store_number", CAST("date" AS TIMESTAMP) AS "date" FROM (VALUES "<REDACTED VALUES>") AS "t"("store_number", "date") (base.py:2244)
2025-07-04 08:50:43,297 - ThreadPoolExecutor-3_0 - sqlmesh.core.engine_adapter.base - INFO - Executing SQL: INSERT INTO "sqlmesh__kaggle"."kaggle__kaggle_data_model__4078954807" ("store_number", "date") SELECT CAST("store_number" AS INT) AS "store_number", CAST("date" AS TIMESTAMP) AS "date" FROM (VALUES "<REDACTED VALUES>") AS "t"("store_number", "date") (base.py:2244)
2025-07-04 08:50:43,314 - ThreadPoolExecutor-3_0 - sqlmesh.core.engine_adapter.base - INFO - Executing SQL: INSERT INTO "sqlmesh__kaggle"."kaggle__kaggle_data_model__4078954807" ("store_number", "date") SELECT CAST("store_number" AS INT) AS "store_number", CAST("date" AS TIMESTAMP) AS "date" FROM (VALUES "<REDACTED VALUES>") AS "t"("store_number", "date") (base.py:2244)
2025-07-04 08:50:43,335 - ThreadPoolExecutor-3_0 - sqlmesh.core.engine_adapter.base - INFO - Executing SQL: INSERT INTO "sqlmesh__kaggle"."kaggle__kaggle_data_model__4078954807" ("store_number", "date") SELECT CAST("store_number" AS INT) AS "store_number", CAST("date" AS TIMESTAMP) AS "date" FROM (VALUES "<REDACTED VALUES>") AS "t"("store_number", "date") (base.py:2244)
2025-07-04 08:50:43,351 - ThreadPoolExecutor-3_0 - sqlmesh.core.engine_adapter.base - INFO - Executing SQL: INSERT INTO "sqlmesh__kaggle"."kaggle__kaggle_data_model__4078954807" ("store_number", "date") SELECT CAST("store_number" AS INT) AS "store_number", CAST("date" AS TIMESTAMP) AS "date" FROM (VALUES "<REDACTED VALUES>") AS "t"("store_number", "date") (base.py:2244)
2025-07-04 08:50:43,370 - ThreadPoolExecutor-3_0 - sqlmesh.core.engine_adapter.base - INFO - Executing SQL: INSERT INTO "sqlmesh__kaggle"."kaggle__kaggle_data_model__4078954807" ("store_number", "date") SELECT CAST("store_number" AS INT) AS "store_number", CAST("date" AS TIMESTAMP) AS "date" FROM (VALUES "<REDACTED VALUES>") AS "t"("store_number", "date") (base.py:2244)
2025-07-04 08:50:43,384 - ThreadPoolExecutor-3_0 - sqlmesh.core.engine_adapter.base - INFO - Executing SQL: INSERT INTO "sqlmesh__kaggle"."kaggle__kaggle_data_model__4078954807" ("store_number", "date") SELECT CAST("store_number" AS INT) AS "store_number", CAST("date" AS TIMESTAMP) AS "date" FROM (VALUES "<REDACTED VALUES>") AS "t"("store_number", "date") (base.py:2244)
2025-07-04 08:50:43,399 - ThreadPoolExecutor-3_0 - sqlmesh.core.engine_adapter.base - INFO - Executing SQL: INSERT INTO "sqlmesh__kaggle"."kaggle__kaggle_data_model__4078954807" ("store_number", "date") SELECT CAST("store_number" AS INT) AS "store_number", CAST("date" AS TIMESTAMP) AS "date" FROM (VALUES "<REDACTED VALUES>") AS "t"("store_number", "date") (base.py:2244)
2025-07-04 08:50:43,495 - ThreadPoolExecutor-3_0 - sqlmesh.core.engine_adapter.base - INFO - Executing SQL: INSERT INTO "sqlmesh__kaggle"."kaggle__kaggle_data_model__4078954807" ("store_number", "date") SELECT CAST("store_number" AS INT) AS "store_number", CAST("date" AS TIMESTAMP) AS "date" FROM (VALUES "<REDACTED VALUES>") AS "t"("store_number", "date") (base.py:2244)
2025-07-04 08:50:43,509 - ThreadPoolExecutor-3_0 - sqlmesh.core.engine_adapter.base - INFO - Executing SQL: INSERT INTO "sqlmesh__kaggle"."kaggle__kaggle_data_model__4078954807" ("store_number", "date") SELECT CAST("store_number" AS INT) AS "store_number", CAST("date" AS TIMESTAMP) AS "date" FROM (VALUES "<REDACTED VALUES>") AS "t"("store_number", "date") (base.py:2244)
2025-07-04 08:50:43,523 - ThreadPoolExecutor-3_0 - sqlmesh.core.engine_adapter.base - INFO - Executing SQL: INSERT INTO "sqlmesh__kaggle"."kaggle__kaggle_data_model__4078954807" ("store_number", "date") SELECT CAST("store_number" AS INT) AS "store_number", CAST("date" AS TIMESTAMP) AS "date" FROM (VALUES "<REDACTED VALUES>") AS "t"("store_number", "date") (base.py:2244)
2025-07-04 08:50:43,535 - ThreadPoolExecutor-3_0 - sqlmesh.core.engine_adapter.base - INFO - Executing SQL: INSERT INTO "sqlmesh__kaggle"."kaggle__kaggle_data_model__4078954807" ("store_number", "date") SELECT CAST("store_number" AS INT) AS "store_number", CAST("date" AS TIMESTAMP) AS "date" FROM (VALUES "<REDACTED VALUES>") AS "t"("store_number", "date") (base.py:2244)
2025-07-04 08:50:43,548 - ThreadPoolExecutor-3_0 - sqlmesh.core.engine_adapter.base - INFO - Executing SQL: INSERT INTO "sqlmesh__kaggle"."kaggle__kaggle_data_model__4078954807" ("store_number", "date") SELECT CAST("store_number" AS INT) AS "store_number", CAST("date" AS TIMESTAMP) AS "date" FROM (VALUES "<REDACTED VALUES>") AS "t"("store_number", "date") (base.py:2244)
2025-07-04 08:50:43,560 - ThreadPoolExecutor-3_0 - sqlmesh.core.engine_adapter.base - INFO - Executing SQL: INSERT INTO "sqlmesh__kaggle"."kaggle__kaggle_data_model__4078954807" ("store_number", "date") SELECT CAST("store_number" AS INT) AS "store_number", CAST("date" AS TIMESTAMP) AS "date" FROM (VALUES "<REDACTED VALUES>") AS "t"("store_number", "date") (base.py:2244)
2025-07-04 08:50:43,563 - ThreadPoolExecutor-3_0 - sqlmesh.core.engine_adapter.base - INFO - Executing SQL: INSERT INTO "sqlmesh__kaggle"."kaggle__kaggle_data_model__4078954807" ("store_number", "date") SELECT CAST("store_number" AS INT) AS "store_number", CAST("date" AS TIMESTAMP) AS "date" FROM (VALUES "<REDACTED VALUES>") AS "t"("store_number", "date") (base.py:2244)
2025-07-04 08:50:43,579 - ThreadPoolExecutor-3_0 - sqlmesh.core.state_sync.db.facade - INFO - Adding interval (2025-07-02 00:00:00, 2025-07-03 00:00:00) for snapshot SnapshotId<"postgres"."kaggle"."kaggle_data_model": 3545519177> (facade.py:621)
2025-07-04 08:50:43,579 - ThreadPoolExecutor-3_0 - sqlmesh.core.state_sync.db.interval - INFO - Pushing intervals for snapshot SnapshotId<"postgres"."kaggle"."kaggle_data_model": 3545519177> (interval.py:214)
2025-07-04 08:50:43,591 - MainThread - sqlmesh.core.plan.evaluator - INFO - Evaluating plan stage EnvironmentRecordUpdateStage (evaluator.py:119)
2025-07-04 08:50:43,593 - MainThread - sqlmesh.core.state_sync.db.facade - INFO - Promoting environment 'prod' (facade.py:169)
2025-07-04 08:50:43,604 - MainThread - sqlmesh.core.plan.evaluator - INFO - Evaluating plan stage UnpauseStage (evaluator.py:119)
2025-07-04 08:50:43,607 - MainThread - sqlmesh.core.state_sync.db.snapshot - INFO - Unpausing snapshot SnapshotId<"postgres"."kaggle"."kaggle_data_model": 3545519177> (snapshot.py:144)
2025-07-04 08:50:43,611 - MainThread - sqlmesh.core.plan.evaluator - INFO - Evaluating plan stage VirtualLayerUpdateStage (evaluator.py:119)
2025-07-04 08:50:43,614 - MainThread - sqlmesh.core.snapshot.evaluator - INFO - Creating schema 'postgres.kaggle' (evaluator.py:1143)
2025-07-04 08:50:43,615 - MainThread - sqlmesh.core.engine_adapter.base - INFO - Executing SQL: CREATE SCHEMA IF NOT EXISTS "kaggle" (base.py:2244)
2025-07-04 08:50:43,616 - ThreadPoolExecutor-4_0 - sqlmesh.core.snapshot.evaluator - INFO - Updating view 'postgres.kaggle.kaggle_data_model' to point at table 'postgres.sqlmesh__kaggle.kaggle__kaggle_data_model__4078954807' (evaluator.py:1450)
2025-07-04 08:50:43,624 - ThreadPoolExecutor-4_0 - sqlmesh.core.engine_adapter.base - INFO - Executing SQL: DROP VIEW IF EXISTS "kaggle"."kaggle_data_model" CASCADE (base.py:2244)
2025-07-04 08:50:43,626 - ThreadPoolExecutor-4_0 - sqlmesh.core.engine_adapter.base - INFO - Executing SQL: CREATE VIEW "kaggle"."kaggle_data_model" AS SELECT * FROM "postgres"."sqlmesh__kaggle"."kaggle__kaggle_data_model__4078954807" (base.py:2244)
2025-07-04 08:50:43,633 - MainThread - sqlmesh.core.plan.evaluator - INFO - Evaluating plan stage FinalizeEnvironmentStage (evaluator.py:119)
2025-07-04 08:50:43,634 - MainThread - sqlmesh.core.state_sync.db.environment - INFO - Finalizing environment 'prod' (environment.py:139)
2025-07-04 08:50:43,638 - MainThread - root - INFO - Shutting down the event dispatcher (dispatcher.py:159)
