2025-07-04 08:46:41,143 - MainThread - sqlmesh.core.config.connection - INFO - Creating new DuckDB adapter for in-memory database (connection.py:453)
2025-07-04 08:46:42,610 - MainThread - sqlmesh.core.plan.evaluator - INFO - Evaluating plan stage PhysicalLayerUpdateStage (evaluator.py:119)
2025-07-04 08:46:42,613 - ThreadPoolExecutor-1_0 - sqlmesh.core.snapshot.evaluator - INFO - Listing data objects in schema postgres.sqlmesh__sqlmesh_example (evaluator.py:350)
2025-07-04 08:46:42,614 - ThreadPoolExecutor-1_1 - sqlmesh.core.snapshot.evaluator - INFO - Listing data objects in schema postgres.sqlmesh__kaggle (evaluator.py:350)
2025-07-04 08:46:42,622 - ThreadPoolExecutor-1_0 - sqlmesh.core.engine_adapter.base - INFO - Executing SQL: SELECT current_catalog (base.py:2244)
2025-07-04 08:46:42,630 - ThreadPoolExecutor-1_1 - sqlmesh.core.engine_adapter.base - INFO - Executing SQL: SELECT current_catalog (base.py:2244)
2025-07-04 08:46:42,645 - MainThread - sqlmesh.core.plan.evaluator - INFO - Evaluating plan stage BackfillStage (evaluator.py:119)
2025-07-04 08:46:42,645 - MainThread - sqlmesh.core.plan.evaluator - INFO - Evaluating plan stage EnvironmentRecordUpdateStage (evaluator.py:119)
2025-07-04 08:46:42,647 - MainThread - sqlmesh.core.state_sync.db.facade - INFO - Promoting environment 'prod' (facade.py:169)
2025-07-04 08:46:42,762 - MainThread - sqlmesh.core.plan.evaluator - INFO - Evaluating plan stage UnpauseStage (evaluator.py:119)
2025-07-04 08:46:42,765 - MainThread - sqlmesh.core.state_sync.db.snapshot - INFO - Unpausing snapshot SnapshotId<"postgres"."kaggle"."kaggle_data_model": 1338378483> (snapshot.py:144)
2025-07-04 08:46:42,770 - MainThread - sqlmesh.core.plan.evaluator - INFO - Evaluating plan stage VirtualLayerUpdateStage (evaluator.py:119)
2025-07-04 08:46:42,774 - MainThread - sqlmesh.core.snapshot.evaluator - INFO - Creating schema 'postgres.kaggle' (evaluator.py:1143)
2025-07-04 08:46:42,783 - MainThread - sqlmesh.core.engine_adapter.base - INFO - Executing SQL: CREATE SCHEMA IF NOT EXISTS "kaggle" (base.py:2244)
2025-07-04 08:46:42,787 - ThreadPoolExecutor-2_0 - sqlmesh.core.snapshot.evaluator - INFO - Updating view 'postgres.kaggle.kaggle_data_model' to point at table 'postgres.sqlmesh__kaggle.kaggle__kaggle_data_model__722559528' (evaluator.py:1450)
2025-07-04 08:46:42,796 - ThreadPoolExecutor-2_0 - sqlmesh.core.engine_adapter.base - INFO - Executing SQL: DROP VIEW IF EXISTS "kaggle"."kaggle_data_model" CASCADE (base.py:2244)
2025-07-04 08:46:42,798 - ThreadPoolExecutor-2_0 - sqlmesh.core.engine_adapter.base - INFO - Executing SQL: CREATE VIEW "kaggle"."kaggle_data_model" AS SELECT * FROM "postgres"."sqlmesh__kaggle"."kaggle__kaggle_data_model__722559528" (base.py:2244)
2025-07-04 08:46:42,810 - MainThread - sqlmesh.core.plan.evaluator - INFO - Evaluating plan stage FinalizeEnvironmentStage (evaluator.py:119)
2025-07-04 08:46:42,811 - MainThread - sqlmesh.core.state_sync.db.environment - INFO - Finalizing environment 'prod' (environment.py:139)
2025-07-04 08:46:42,816 - MainThread - root - INFO - Shutting down the event dispatcher (dispatcher.py:159)
