2025-07-04 08:48:38,794 - MainThread - sqlmesh.core.config.connection - INFO - Creating new DuckDB adapter for in-memory database (connection.py:453)
2025-07-04 08:48:50,300 - MainThread - sqlmesh.core.plan.evaluator - INFO - Evaluating plan stage CreateSnapshotRecordsStage (evaluator.py:119)
2025-07-04 08:48:50,320 - MainThread - sqlmesh.core.plan.evaluator - INFO - Evaluating plan stage PhysicalLayerUpdateStage (evaluator.py:119)
2025-07-04 08:48:50,323 - ThreadPoolExecutor-1_0 - sqlmesh.core.snapshot.evaluator - INFO - Listing data objects in schema postgres.sqlmesh__kaggle (evaluator.py:350)
2025-07-04 08:48:50,323 - ThreadPoolExecutor-1_1 - sqlmesh.core.snapshot.evaluator - INFO - Listing data objects in schema postgres.sqlmesh__sqlmesh_example (evaluator.py:350)
2025-07-04 08:48:50,333 - ThreadPoolExecutor-1_0 - sqlmesh.core.engine_adapter.base - INFO - Executing SQL: SELECT current_catalog (base.py:2244)
2025-07-04 08:48:50,341 - ThreadPoolExecutor-1_1 - sqlmesh.core.engine_adapter.base - INFO - Executing SQL: SELECT current_catalog (base.py:2244)
2025-07-04 08:48:50,359 - MainThread - sqlmesh.core.snapshot.evaluator - INFO - Creating schema 'postgres.sqlmesh__sqlmesh_example' (evaluator.py:1143)
2025-07-04 08:48:50,367 - MainThread - sqlmesh.core.engine_adapter.base - INFO - Executing SQL: CREATE SCHEMA IF NOT EXISTS "sqlmesh__sqlmesh_example" (base.py:2244)
2025-07-04 08:48:50,368 - MainThread - sqlmesh.core.snapshot.evaluator - INFO - Creating schema 'postgres.sqlmesh__kaggle' (evaluator.py:1143)
2025-07-04 08:48:50,368 - MainThread - sqlmesh.core.engine_adapter.base - INFO - Executing SQL: CREATE SCHEMA IF NOT EXISTS "sqlmesh__kaggle" (base.py:2244)
2025-07-04 08:48:50,379 - ThreadPoolExecutor-2_0 - sqlmesh.core.snapshot.evaluator - INFO - Creating table 'postgres.sqlmesh__kaggle.kaggle__kaggle_data_model__1792568479' (evaluator.py:1495)
2025-07-04 08:48:50,379 - ThreadPoolExecutor-2_0 - sqlmesh.core.engine_adapter.base - INFO - Executing SQL: CREATE TABLE IF NOT EXISTS "sqlmesh__kaggle"."kaggle__kaggle_data_model__1792568479" ("store_number" INT, "date" TIMESTAMP) (base.py:2244)
2025-07-04 08:48:50,391 - MainThread - sqlmesh.core.plan.evaluator - INFO - Evaluating plan stage BackfillStage (evaluator.py:119)
2025-07-04 08:48:50,393 - ThreadPoolExecutor-3_0 - sqlmesh.core.snapshot.evaluator - INFO - Evaluating snapshot SnapshotId<"postgres"."kaggle"."kaggle_data_model": 3607849958> (evaluator.py:636)
2025-07-04 08:48:51,276 - ThreadPoolExecutor-3_0 - sqlmesh.core.snapshot.evaluator - INFO - Inserting batch (2025-07-02 00:00:00, 2025-07-03 00:00:00) into postgres.sqlmesh__kaggle.kaggle__kaggle_data_model__1792568479' (evaluator.py:690)
2025-07-04 08:48:51,286 - ThreadPoolExecutor-3_0 - sqlmesh.core.engine_adapter.base - INFO - Executing SQL: SELECT 1 FROM "information_schema"."tables" WHERE "table_name" = 'kaggle__kaggle_data_model__1792568479' AND "table_schema" = 'sqlmesh__kaggle' (base.py:2244)
2025-07-04 08:48:51,297 - ThreadPoolExecutor-3_0 - sqlmesh.core.engine_adapter.base - INFO - Executing SQL: DELETE FROM "sqlmesh__kaggle"."kaggle__kaggle_data_model__1792568479" WHERE TRUE (base.py:2244)
2025-07-04 08:48:51,306 - ThreadPoolExecutor-3_0 - sqlmesh.core.engine_adapter.base - INFO - Executing SQL: INSERT INTO "sqlmesh__kaggle"."kaggle__kaggle_data_model__1792568479" ("store_number", "date") SELECT CAST("store_number" AS INT) AS "store_number", CAST("date" AS TIMESTAMP) AS "date" FROM (VALUES "<REDACTED VALUES>") AS "t"("store_number", "date") (base.py:2244)
2025-07-04 08:48:51,322 - ThreadPoolExecutor-3_0 - sqlmesh.core.engine_adapter.base - INFO - Executing SQL: INSERT INTO "sqlmesh__kaggle"."kaggle__kaggle_data_model__1792568479" ("store_number", "date") SELECT CAST("store_number" AS INT) AS "store_number", CAST("date" AS TIMESTAMP) AS "date" FROM (VALUES "<REDACTED VALUES>") AS "t"("store_number", "date") (base.py:2244)
2025-07-04 08:48:51,338 - ThreadPoolExecutor-3_0 - sqlmesh.core.engine_adapter.base - INFO - Executing SQL: INSERT INTO "sqlmesh__kaggle"."kaggle__kaggle_data_model__1792568479" ("store_number", "date") SELECT CAST("store_number" AS INT) AS "store_number", CAST("date" AS TIMESTAMP) AS "date" FROM (VALUES "<REDACTED VALUES>") AS "t"("store_number", "date") (base.py:2244)
2025-07-04 08:48:51,353 - ThreadPoolExecutor-3_0 - sqlmesh.core.engine_adapter.base - INFO - Executing SQL: INSERT INTO "sqlmesh__kaggle"."kaggle__kaggle_data_model__1792568479" ("store_number", "date") SELECT CAST("store_number" AS INT) AS "store_number", CAST("date" AS TIMESTAMP) AS "date" FROM (VALUES "<REDACTED VALUES>") AS "t"("store_number", "date") (base.py:2244)
2025-07-04 08:48:51,371 - ThreadPoolExecutor-3_0 - sqlmesh.core.engine_adapter.base - INFO - Executing SQL: INSERT INTO "sqlmesh__kaggle"."kaggle__kaggle_data_model__1792568479" ("store_number", "date") SELECT CAST("store_number" AS INT) AS "store_number", CAST("date" AS TIMESTAMP) AS "date" FROM (VALUES "<REDACTED VALUES>") AS "t"("store_number", "date") (base.py:2244)
2025-07-04 08:48:51,387 - ThreadPoolExecutor-3_0 - sqlmesh.core.engine_adapter.base - INFO - Executing SQL: INSERT INTO "sqlmesh__kaggle"."kaggle__kaggle_data_model__1792568479" ("store_number", "date") SELECT CAST("store_number" AS INT) AS "store_number", CAST("date" AS TIMESTAMP) AS "date" FROM (VALUES "<REDACTED VALUES>") AS "t"("store_number", "date") (base.py:2244)
2025-07-04 08:48:51,402 - ThreadPoolExecutor-3_0 - sqlmesh.core.engine_adapter.base - INFO - Executing SQL: INSERT INTO "sqlmesh__kaggle"."kaggle__kaggle_data_model__1792568479" ("store_number", "date") SELECT CAST("store_number" AS INT) AS "store_number", CAST("date" AS TIMESTAMP) AS "date" FROM (VALUES "<REDACTED VALUES>") AS "t"("store_number", "date") (base.py:2244)
2025-07-04 08:48:51,418 - ThreadPoolExecutor-3_0 - sqlmesh.core.engine_adapter.base - INFO - Executing SQL: INSERT INTO "sqlmesh__kaggle"."kaggle__kaggle_data_model__1792568479" ("store_number", "date") SELECT CAST("store_number" AS INT) AS "store_number", CAST("date" AS TIMESTAMP) AS "date" FROM (VALUES "<REDACTED VALUES>") AS "t"("store_number", "date") (base.py:2244)
2025-07-04 08:48:51,433 - ThreadPoolExecutor-3_0 - sqlmesh.core.engine_adapter.base - INFO - Executing SQL: INSERT INTO "sqlmesh__kaggle"."kaggle__kaggle_data_model__1792568479" ("store_number", "date") SELECT CAST("store_number" AS INT) AS "store_number", CAST("date" AS TIMESTAMP) AS "date" FROM (VALUES "<REDACTED VALUES>") AS "t"("store_number", "date") (base.py:2244)
2025-07-04 08:48:51,448 - ThreadPoolExecutor-3_0 - sqlmesh.core.engine_adapter.base - INFO - Executing SQL: INSERT INTO "sqlmesh__kaggle"."kaggle__kaggle_data_model__1792568479" ("store_number", "date") SELECT CAST("store_number" AS INT) AS "store_number", CAST("date" AS TIMESTAMP) AS "date" FROM (VALUES "<REDACTED VALUES>") AS "t"("store_number", "date") (base.py:2244)
2025-07-04 08:48:51,463 - ThreadPoolExecutor-3_0 - sqlmesh.core.engine_adapter.base - INFO - Executing SQL: INSERT INTO "sqlmesh__kaggle"."kaggle__kaggle_data_model__1792568479" ("store_number", "date") SELECT CAST("store_number" AS INT) AS "store_number", CAST("date" AS TIMESTAMP) AS "date" FROM (VALUES "<REDACTED VALUES>") AS "t"("store_number", "date") (base.py:2244)
2025-07-04 08:48:51,563 - ThreadPoolExecutor-3_0 - sqlmesh.core.engine_adapter.base - INFO - Executing SQL: INSERT INTO "sqlmesh__kaggle"."kaggle__kaggle_data_model__1792568479" ("store_number", "date") SELECT CAST("store_number" AS INT) AS "store_number", CAST("date" AS TIMESTAMP) AS "date" FROM (VALUES "<REDACTED VALUES>") AS "t"("store_number", "date") (base.py:2244)
2025-07-04 08:48:51,576 - ThreadPoolExecutor-3_0 - sqlmesh.core.engine_adapter.base - INFO - Executing SQL: INSERT INTO "sqlmesh__kaggle"."kaggle__kaggle_data_model__1792568479" ("store_number", "date") SELECT CAST("store_number" AS INT) AS "store_number", CAST("date" AS TIMESTAMP) AS "date" FROM (VALUES "<REDACTED VALUES>") AS "t"("store_number", "date") (base.py:2244)
2025-07-04 08:48:51,592 - ThreadPoolExecutor-3_0 - sqlmesh.core.engine_adapter.base - INFO - Executing SQL: INSERT INTO "sqlmesh__kaggle"."kaggle__kaggle_data_model__1792568479" ("store_number", "date") SELECT CAST("store_number" AS INT) AS "store_number", CAST("date" AS TIMESTAMP) AS "date" FROM (VALUES "<REDACTED VALUES>") AS "t"("store_number", "date") (base.py:2244)
2025-07-04 08:48:51,605 - ThreadPoolExecutor-3_0 - sqlmesh.core.engine_adapter.base - INFO - Executing SQL: INSERT INTO "sqlmesh__kaggle"."kaggle__kaggle_data_model__1792568479" ("store_number", "date") SELECT CAST("store_number" AS INT) AS "store_number", CAST("date" AS TIMESTAMP) AS "date" FROM (VALUES "<REDACTED VALUES>") AS "t"("store_number", "date") (base.py:2244)
2025-07-04 08:48:51,622 - ThreadPoolExecutor-3_0 - sqlmesh.core.engine_adapter.base - INFO - Executing SQL: INSERT INTO "sqlmesh__kaggle"."kaggle__kaggle_data_model__1792568479" ("store_number", "date") SELECT CAST("store_number" AS INT) AS "store_number", CAST("date" AS TIMESTAMP) AS "date" FROM (VALUES "<REDACTED VALUES>") AS "t"("store_number", "date") (base.py:2244)
2025-07-04 08:48:51,627 - ThreadPoolExecutor-3_0 - sqlmesh.core.engine_adapter.base - INFO - Executing SQL: INSERT INTO "sqlmesh__kaggle"."kaggle__kaggle_data_model__1792568479" ("store_number", "date") SELECT CAST("store_number" AS INT) AS "store_number", CAST("date" AS TIMESTAMP) AS "date" FROM (VALUES "<REDACTED VALUES>") AS "t"("store_number", "date") (base.py:2244)
2025-07-04 08:48:51,639 - ThreadPoolExecutor-3_0 - sqlmesh.core.state_sync.db.facade - INFO - Adding interval (2025-07-02 00:00:00, 2025-07-03 00:00:00) for snapshot SnapshotId<"postgres"."kaggle"."kaggle_data_model": 3607849958> (facade.py:621)
2025-07-04 08:48:51,639 - ThreadPoolExecutor-3_0 - sqlmesh.core.state_sync.db.interval - INFO - Pushing intervals for snapshot SnapshotId<"postgres"."kaggle"."kaggle_data_model": 3607849958> (interval.py:214)
2025-07-04 08:48:51,653 - MainThread - sqlmesh.core.plan.evaluator - INFO - Evaluating plan stage EnvironmentRecordUpdateStage (evaluator.py:119)
2025-07-04 08:48:51,654 - MainThread - sqlmesh.core.state_sync.db.facade - INFO - Promoting environment 'prod' (facade.py:169)
2025-07-04 08:48:51,666 - MainThread - sqlmesh.core.plan.evaluator - INFO - Evaluating plan stage UnpauseStage (evaluator.py:119)
2025-07-04 08:48:51,669 - MainThread - sqlmesh.core.state_sync.db.snapshot - INFO - Unpausing snapshot SnapshotId<"postgres"."kaggle"."kaggle_data_model": 3607849958> (snapshot.py:144)
2025-07-04 08:48:51,672 - MainThread - sqlmesh.core.plan.evaluator - INFO - Evaluating plan stage VirtualLayerUpdateStage (evaluator.py:119)
2025-07-04 08:48:51,675 - MainThread - sqlmesh.core.snapshot.evaluator - INFO - Creating schema 'postgres.kaggle' (evaluator.py:1143)
2025-07-04 08:48:51,676 - MainThread - sqlmesh.core.engine_adapter.base - INFO - Executing SQL: CREATE SCHEMA IF NOT EXISTS "kaggle" (base.py:2244)
2025-07-04 08:48:51,677 - ThreadPoolExecutor-4_0 - sqlmesh.core.snapshot.evaluator - INFO - Updating view 'postgres.kaggle.kaggle_data_model' to point at table 'postgres.sqlmesh__kaggle.kaggle__kaggle_data_model__1792568479' (evaluator.py:1450)
2025-07-04 08:48:51,684 - ThreadPoolExecutor-4_0 - sqlmesh.core.engine_adapter.base - INFO - Executing SQL: DROP VIEW IF EXISTS "kaggle"."kaggle_data_model" CASCADE (base.py:2244)
2025-07-04 08:48:51,687 - ThreadPoolExecutor-4_0 - sqlmesh.core.engine_adapter.base - INFO - Executing SQL: CREATE VIEW "kaggle"."kaggle_data_model" AS SELECT * FROM "postgres"."sqlmesh__kaggle"."kaggle__kaggle_data_model__1792568479" (base.py:2244)
2025-07-04 08:48:51,695 - MainThread - sqlmesh.core.plan.evaluator - INFO - Evaluating plan stage FinalizeEnvironmentStage (evaluator.py:119)
2025-07-04 08:48:51,697 - MainThread - sqlmesh.core.state_sync.db.environment - INFO - Finalizing environment 'prod' (environment.py:139)
2025-07-04 08:48:51,702 - MainThread - root - INFO - Shutting down the event dispatcher (dispatcher.py:159)
