2025-07-04 08:54:22,468 - MainThread - sqlmesh.core.config.connection - INFO - Creating new DuckDB adapter for in-memory database (connection.py:453)
2025-07-04 08:54:24,296 - MainThread - sqlmesh.core.plan.evaluator - INFO - Evaluating plan stage CreateSnapshotRecordsStage (evaluator.py:119)
2025-07-04 08:54:24,314 - MainThread - sqlmesh.core.plan.evaluator - INFO - Evaluating plan stage PhysicalLayerUpdateStage (evaluator.py:119)
2025-07-04 08:54:24,316 - ThreadPoolExecutor-1_0 - sqlmesh.core.snapshot.evaluator - INFO - Listing data objects in schema postgres.sqlmesh__kaggle (evaluator.py:350)
2025-07-04 08:54:24,317 - ThreadPoolExecutor-1_1 - sqlmesh.core.snapshot.evaluator - INFO - Listing data objects in schema postgres.sqlmesh__sqlmesh_example (evaluator.py:350)
2025-07-04 08:54:24,323 - ThreadPoolExecutor-1_0 - sqlmesh.core.engine_adapter.base - INFO - Executing SQL: SELECT current_catalog (base.py:2244)
2025-07-04 08:54:24,329 - ThreadPoolExecutor-1_1 - sqlmesh.core.engine_adapter.base - INFO - Executing SQL: SELECT current_catalog (base.py:2244)
2025-07-04 08:54:24,346 - MainThread - sqlmesh.core.snapshot.evaluator - INFO - Creating schema 'postgres.sqlmesh__kaggle' (evaluator.py:1143)
2025-07-04 08:54:24,353 - MainThread - sqlmesh.core.engine_adapter.base - INFO - Executing SQL: CREATE SCHEMA IF NOT EXISTS "sqlmesh__kaggle" (base.py:2244)
2025-07-04 08:54:24,355 - MainThread - sqlmesh.core.snapshot.evaluator - INFO - Creating schema 'postgres.sqlmesh__sqlmesh_example' (evaluator.py:1143)
2025-07-04 08:54:24,356 - MainThread - sqlmesh.core.engine_adapter.base - INFO - Executing SQL: CREATE SCHEMA IF NOT EXISTS "sqlmesh__sqlmesh_example" (base.py:2244)
2025-07-04 08:54:24,366 - ThreadPoolExecutor-2_0 - sqlmesh.core.snapshot.evaluator - INFO - Creating table 'postgres.sqlmesh__kaggle.kaggle__kaggle_data_model__2154031121' (evaluator.py:1495)
2025-07-04 08:54:24,366 - ThreadPoolExecutor-2_0 - sqlmesh.core.engine_adapter.base - INFO - Executing SQL: CREATE TABLE IF NOT EXISTS "sqlmesh__kaggle"."kaggle__kaggle_data_model__2154031121" ("store_number" INT, "date" TIMESTAMP) (base.py:2244)
2025-07-04 08:54:24,376 - MainThread - sqlmesh.core.plan.evaluator - INFO - Evaluating plan stage BackfillStage (evaluator.py:119)
2025-07-04 08:54:24,379 - ThreadPoolExecutor-3_0 - sqlmesh.core.snapshot.evaluator - INFO - Evaluating snapshot SnapshotId<"postgres"."kaggle"."kaggle_data_model": 2989257377> (evaluator.py:636)
2025-07-04 08:54:25,789 - ThreadPoolExecutor-3_0 - sqlmesh.core.snapshot.evaluator - INFO - Inserting batch (2025-07-02 00:00:00, 2025-07-03 00:00:00) into postgres.sqlmesh__kaggle.kaggle__kaggle_data_model__2154031121' (evaluator.py:690)
2025-07-04 08:54:25,797 - ThreadPoolExecutor-3_0 - sqlmesh.core.engine_adapter.base - INFO - Executing SQL: SELECT 1 FROM "information_schema"."tables" WHERE "table_name" = 'kaggle__kaggle_data_model__2154031121' AND "table_schema" = 'sqlmesh__kaggle' (base.py:2244)
2025-07-04 08:54:25,806 - ThreadPoolExecutor-3_0 - sqlmesh.core.engine_adapter.base - INFO - Executing SQL: DELETE FROM "sqlmesh__kaggle"."kaggle__kaggle_data_model__2154031121" WHERE TRUE (base.py:2244)
2025-07-04 08:54:25,813 - ThreadPoolExecutor-3_0 - sqlmesh.core.engine_adapter.base - INFO - Executing SQL: INSERT INTO "sqlmesh__kaggle"."kaggle__kaggle_data_model__2154031121" ("store_number", "date") SELECT CAST("store_number" AS INT) AS "store_number", CAST("date" AS TIMESTAMP) AS "date" FROM (VALUES "<REDACTED VALUES>") AS "t"("store_number", "date") (base.py:2244)
2025-07-04 08:54:25,828 - ThreadPoolExecutor-3_0 - sqlmesh.core.engine_adapter.base - INFO - Executing SQL: INSERT INTO "sqlmesh__kaggle"."kaggle__kaggle_data_model__2154031121" ("store_number", "date") SELECT CAST("store_number" AS INT) AS "store_number", CAST("date" AS TIMESTAMP) AS "date" FROM (VALUES "<REDACTED VALUES>") AS "t"("store_number", "date") (base.py:2244)
2025-07-04 08:54:25,844 - ThreadPoolExecutor-3_0 - sqlmesh.core.engine_adapter.base - INFO - Executing SQL: INSERT INTO "sqlmesh__kaggle"."kaggle__kaggle_data_model__2154031121" ("store_number", "date") SELECT CAST("store_number" AS INT) AS "store_number", CAST("date" AS TIMESTAMP) AS "date" FROM (VALUES "<REDACTED VALUES>") AS "t"("store_number", "date") (base.py:2244)
2025-07-04 08:54:25,857 - ThreadPoolExecutor-3_0 - sqlmesh.core.engine_adapter.base - INFO - Executing SQL: INSERT INTO "sqlmesh__kaggle"."kaggle__kaggle_data_model__2154031121" ("store_number", "date") SELECT CAST("store_number" AS INT) AS "store_number", CAST("date" AS TIMESTAMP) AS "date" FROM (VALUES "<REDACTED VALUES>") AS "t"("store_number", "date") (base.py:2244)
2025-07-04 08:54:25,871 - ThreadPoolExecutor-3_0 - sqlmesh.core.engine_adapter.base - INFO - Executing SQL: INSERT INTO "sqlmesh__kaggle"."kaggle__kaggle_data_model__2154031121" ("store_number", "date") SELECT CAST("store_number" AS INT) AS "store_number", CAST("date" AS TIMESTAMP) AS "date" FROM (VALUES "<REDACTED VALUES>") AS "t"("store_number", "date") (base.py:2244)
2025-07-04 08:54:25,884 - ThreadPoolExecutor-3_0 - sqlmesh.core.engine_adapter.base - INFO - Executing SQL: INSERT INTO "sqlmesh__kaggle"."kaggle__kaggle_data_model__2154031121" ("store_number", "date") SELECT CAST("store_number" AS INT) AS "store_number", CAST("date" AS TIMESTAMP) AS "date" FROM (VALUES "<REDACTED VALUES>") AS "t"("store_number", "date") (base.py:2244)
2025-07-04 08:54:25,902 - ThreadPoolExecutor-3_0 - sqlmesh.core.engine_adapter.base - INFO - Executing SQL: INSERT INTO "sqlmesh__kaggle"."kaggle__kaggle_data_model__2154031121" ("store_number", "date") SELECT CAST("store_number" AS INT) AS "store_number", CAST("date" AS TIMESTAMP) AS "date" FROM (VALUES "<REDACTED VALUES>") AS "t"("store_number", "date") (base.py:2244)
2025-07-04 08:54:25,915 - ThreadPoolExecutor-3_0 - sqlmesh.core.engine_adapter.base - INFO - Executing SQL: INSERT INTO "sqlmesh__kaggle"."kaggle__kaggle_data_model__2154031121" ("store_number", "date") SELECT CAST("store_number" AS INT) AS "store_number", CAST("date" AS TIMESTAMP) AS "date" FROM (VALUES "<REDACTED VALUES>") AS "t"("store_number", "date") (base.py:2244)
2025-07-04 08:54:25,931 - ThreadPoolExecutor-3_0 - sqlmesh.core.engine_adapter.base - INFO - Executing SQL: INSERT INTO "sqlmesh__kaggle"."kaggle__kaggle_data_model__2154031121" ("store_number", "date") SELECT CAST("store_number" AS INT) AS "store_number", CAST("date" AS TIMESTAMP) AS "date" FROM (VALUES "<REDACTED VALUES>") AS "t"("store_number", "date") (base.py:2244)
2025-07-04 08:54:25,945 - ThreadPoolExecutor-3_0 - sqlmesh.core.engine_adapter.base - INFO - Executing SQL: INSERT INTO "sqlmesh__kaggle"."kaggle__kaggle_data_model__2154031121" ("store_number", "date") SELECT CAST("store_number" AS INT) AS "store_number", CAST("date" AS TIMESTAMP) AS "date" FROM (VALUES "<REDACTED VALUES>") AS "t"("store_number", "date") (base.py:2244)
2025-07-04 08:54:26,046 - ThreadPoolExecutor-3_0 - sqlmesh.core.engine_adapter.base - INFO - Executing SQL: INSERT INTO "sqlmesh__kaggle"."kaggle__kaggle_data_model__2154031121" ("store_number", "date") SELECT CAST("store_number" AS INT) AS "store_number", CAST("date" AS TIMESTAMP) AS "date" FROM (VALUES "<REDACTED VALUES>") AS "t"("store_number", "date") (base.py:2244)
2025-07-04 08:54:26,060 - ThreadPoolExecutor-3_0 - sqlmesh.core.engine_adapter.base - INFO - Executing SQL: INSERT INTO "sqlmesh__kaggle"."kaggle__kaggle_data_model__2154031121" ("store_number", "date") SELECT CAST("store_number" AS INT) AS "store_number", CAST("date" AS TIMESTAMP) AS "date" FROM (VALUES "<REDACTED VALUES>") AS "t"("store_number", "date") (base.py:2244)
2025-07-04 08:54:26,074 - ThreadPoolExecutor-3_0 - sqlmesh.core.engine_adapter.base - INFO - Executing SQL: INSERT INTO "sqlmesh__kaggle"."kaggle__kaggle_data_model__2154031121" ("store_number", "date") SELECT CAST("store_number" AS INT) AS "store_number", CAST("date" AS TIMESTAMP) AS "date" FROM (VALUES "<REDACTED VALUES>") AS "t"("store_number", "date") (base.py:2244)
2025-07-04 08:54:26,088 - ThreadPoolExecutor-3_0 - sqlmesh.core.engine_adapter.base - INFO - Executing SQL: INSERT INTO "sqlmesh__kaggle"."kaggle__kaggle_data_model__2154031121" ("store_number", "date") SELECT CAST("store_number" AS INT) AS "store_number", CAST("date" AS TIMESTAMP) AS "date" FROM (VALUES "<REDACTED VALUES>") AS "t"("store_number", "date") (base.py:2244)
2025-07-04 08:54:26,103 - ThreadPoolExecutor-3_0 - sqlmesh.core.engine_adapter.base - INFO - Executing SQL: INSERT INTO "sqlmesh__kaggle"."kaggle__kaggle_data_model__2154031121" ("store_number", "date") SELECT CAST("store_number" AS INT) AS "store_number", CAST("date" AS TIMESTAMP) AS "date" FROM (VALUES "<REDACTED VALUES>") AS "t"("store_number", "date") (base.py:2244)
2025-07-04 08:54:26,115 - ThreadPoolExecutor-3_0 - sqlmesh.core.engine_adapter.base - INFO - Executing SQL: INSERT INTO "sqlmesh__kaggle"."kaggle__kaggle_data_model__2154031121" ("store_number", "date") SELECT CAST("store_number" AS INT) AS "store_number", CAST("date" AS TIMESTAMP) AS "date" FROM (VALUES "<REDACTED VALUES>") AS "t"("store_number", "date") (base.py:2244)
2025-07-04 08:54:26,119 - ThreadPoolExecutor-3_0 - sqlmesh.core.engine_adapter.base - INFO - Executing SQL: INSERT INTO "sqlmesh__kaggle"."kaggle__kaggle_data_model__2154031121" ("store_number", "date") SELECT CAST("store_number" AS INT) AS "store_number", CAST("date" AS TIMESTAMP) AS "date" FROM (VALUES "<REDACTED VALUES>") AS "t"("store_number", "date") (base.py:2244)
2025-07-04 08:54:26,134 - ThreadPoolExecutor-3_0 - sqlmesh.core.state_sync.db.facade - INFO - Adding interval (2025-07-02 00:00:00, 2025-07-03 00:00:00) for snapshot SnapshotId<"postgres"."kaggle"."kaggle_data_model": 2989257377> (facade.py:621)
2025-07-04 08:54:26,134 - ThreadPoolExecutor-3_0 - sqlmesh.core.state_sync.db.interval - INFO - Pushing intervals for snapshot SnapshotId<"postgres"."kaggle"."kaggle_data_model": 2989257377> (interval.py:214)
2025-07-04 08:54:26,147 - MainThread - sqlmesh.core.plan.evaluator - INFO - Evaluating plan stage EnvironmentRecordUpdateStage (evaluator.py:119)
2025-07-04 08:54:26,148 - MainThread - sqlmesh.core.state_sync.db.facade - INFO - Promoting environment 'prod' (facade.py:169)
2025-07-04 08:54:26,161 - MainThread - sqlmesh.core.plan.evaluator - INFO - Evaluating plan stage UnpauseStage (evaluator.py:119)
2025-07-04 08:54:26,164 - MainThread - sqlmesh.core.state_sync.db.snapshot - INFO - Unpausing snapshot SnapshotId<"postgres"."kaggle"."kaggle_data_model": 2989257377> (snapshot.py:144)
2025-07-04 08:54:26,167 - MainThread - sqlmesh.core.plan.evaluator - INFO - Evaluating plan stage VirtualLayerUpdateStage (evaluator.py:119)
2025-07-04 08:54:26,170 - MainThread - sqlmesh.core.snapshot.evaluator - INFO - Creating schema 'postgres.kaggle' (evaluator.py:1143)
2025-07-04 08:54:26,170 - MainThread - sqlmesh.core.engine_adapter.base - INFO - Executing SQL: CREATE SCHEMA IF NOT EXISTS "kaggle" (base.py:2244)
2025-07-04 08:54:26,172 - ThreadPoolExecutor-4_0 - sqlmesh.core.snapshot.evaluator - INFO - Updating view 'postgres.kaggle.kaggle_data_model' to point at table 'postgres.sqlmesh__kaggle.kaggle__kaggle_data_model__2154031121' (evaluator.py:1450)
2025-07-04 08:54:26,181 - ThreadPoolExecutor-4_0 - sqlmesh.core.engine_adapter.base - INFO - Executing SQL: DROP VIEW IF EXISTS "kaggle"."kaggle_data_model" CASCADE (base.py:2244)
2025-07-04 08:54:26,183 - ThreadPoolExecutor-4_0 - sqlmesh.core.engine_adapter.base - INFO - Executing SQL: CREATE VIEW "kaggle"."kaggle_data_model" AS SELECT * FROM "postgres"."sqlmesh__kaggle"."kaggle__kaggle_data_model__2154031121" (base.py:2244)
2025-07-04 08:54:26,191 - MainThread - sqlmesh.core.plan.evaluator - INFO - Evaluating plan stage FinalizeEnvironmentStage (evaluator.py:119)
2025-07-04 08:54:26,193 - MainThread - sqlmesh.core.state_sync.db.environment - INFO - Finalizing environment 'prod' (environment.py:139)
2025-07-04 08:54:26,197 - MainThread - root - INFO - Shutting down the event dispatcher (dispatcher.py:159)
