2025-07-04 12:01:02,512 - MainThread - sqlmesh.core.config.connection - INFO - Creating new DuckDB adapter for in-memory database (connection.py:453)
2025-07-04 12:01:02,611 - MainThread - sqlmesh.core.state_sync.db.migrator - INFO - Applying migration <module 'sqlmesh.migrations.v0001_init' from '/usr/local/lib/python3.12/site-packages/sqlmesh/migrations/v0001_init.py'> (migrator.py:177)
2025-07-04 12:01:02,645 - MainThread - sqlmesh.core.state_sync.db.migrator - INFO - Applying migration <module 'sqlmesh.migrations.v0002_remove_identify' from '/usr/local/lib/python3.12/site-packages/sqlmesh/migrations/v0002_remove_identify.py'> (migrator.py:177)
2025-07-04 12:01:02,646 - MainThread - sqlmesh.core.state_sync.db.migrator - INFO - Applying migration <module 'sqlmesh.migrations.v0003_move_batch_size' from '/usr/local/lib/python3.12/site-packages/sqlmesh/migrations/v0003_move_batch_size.py'> (migrator.py:177)
2025-07-04 12:01:02,646 - MainThread - sqlmesh.core.state_sync.db.migrator - INFO - Applying migration <module 'sqlmesh.migrations.v0004_environmnent_add_finalized_at' from '/usr/local/lib/python3.12/site-packages/sqlmesh/migrations/v0004_environmnent_add_finalized_at.py'> (migrator.py:177)
2025-07-04 12:01:02,648 - MainThread - sqlmesh.core.state_sync.db.migrator - INFO - Applying migration <module 'sqlmesh.migrations.v0005_create_seed_table' from '/usr/local/lib/python3.12/site-packages/sqlmesh/migrations/v0005_create_seed_table.py'> (migrator.py:177)
2025-07-04 12:01:02,656 - MainThread - sqlmesh.core.state_sync.db.migrator - INFO - Applying migration <module 'sqlmesh.migrations.v0006_change_seed_hash' from '/usr/local/lib/python3.12/site-packages/sqlmesh/migrations/v0006_change_seed_hash.py'> (migrator.py:177)
2025-07-04 12:01:02,656 - MainThread - sqlmesh.core.state_sync.db.migrator - INFO - Applying migration <module 'sqlmesh.migrations.v0007_env_table_info_to_kind' from '/usr/local/lib/python3.12/site-packages/sqlmesh/migrations/v0007_env_table_info_to_kind.py'> (migrator.py:177)
2025-07-04 12:01:02,658 - MainThread - sqlmesh.core.state_sync.db.migrator - INFO - Applying migration <module 'sqlmesh.migrations.v0008_create_intervals_table' from '/usr/local/lib/python3.12/site-packages/sqlmesh/migrations/v0008_create_intervals_table.py'> (migrator.py:177)
2025-07-04 12:01:02,671 - MainThread - sqlmesh.core.state_sync.db.migrator - INFO - Applying migration <module 'sqlmesh.migrations.v0009_remove_pre_post_hooks' from '/usr/local/lib/python3.12/site-packages/sqlmesh/migrations/v0009_remove_pre_post_hooks.py'> (migrator.py:177)
2025-07-04 12:01:02,672 - MainThread - sqlmesh.core.state_sync.db.migrator - INFO - Applying migration <module 'sqlmesh.migrations.v0010_seed_hash_batch_size' from '/usr/local/lib/python3.12/site-packages/sqlmesh/migrations/v0010_seed_hash_batch_size.py'> (migrator.py:177)
2025-07-04 12:01:02,672 - MainThread - sqlmesh.core.state_sync.db.migrator - INFO - Applying migration <module 'sqlmesh.migrations.v0011_add_model_kind_name' from '/usr/local/lib/python3.12/site-packages/sqlmesh/migrations/v0011_add_model_kind_name.py'> (migrator.py:177)
2025-07-04 12:01:02,673 - MainThread - sqlmesh.core.state_sync.db.migrator - INFO - Applying migration <module 'sqlmesh.migrations.v0012_update_jinja_expressions' from '/usr/local/lib/python3.12/site-packages/sqlmesh/migrations/v0012_update_jinja_expressions.py'> (migrator.py:177)
2025-07-04 12:01:02,674 - MainThread - sqlmesh.core.state_sync.db.migrator - INFO - Applying migration <module 'sqlmesh.migrations.v0013_serde_using_model_dialects' from '/usr/local/lib/python3.12/site-packages/sqlmesh/migrations/v0013_serde_using_model_dialects.py'> (migrator.py:177)
2025-07-04 12:01:02,674 - MainThread - sqlmesh.core.state_sync.db.migrator - INFO - Applying migration <module 'sqlmesh.migrations.v0014_fix_dev_intervals' from '/usr/local/lib/python3.12/site-packages/sqlmesh/migrations/v0014_fix_dev_intervals.py'> (migrator.py:177)
2025-07-04 12:01:02,675 - MainThread - sqlmesh.core.state_sync.db.migrator - INFO - Applying migration <module 'sqlmesh.migrations.v0015_environment_add_promoted_snapshot_ids' from '/usr/local/lib/python3.12/site-packages/sqlmesh/migrations/v0015_environment_add_promoted_snapshot_ids.py'> (migrator.py:177)
2025-07-04 12:01:02,676 - MainThread - sqlmesh.core.state_sync.db.migrator - INFO - Applying migration <module 'sqlmesh.migrations.v0016_fix_windows_path' from '/usr/local/lib/python3.12/site-packages/sqlmesh/migrations/v0016_fix_windows_path.py'> (migrator.py:177)
2025-07-04 12:01:02,678 - MainThread - sqlmesh.core.state_sync.db.migrator - INFO - Applying migration <module 'sqlmesh.migrations.v0017_fix_windows_seed_path' from '/usr/local/lib/python3.12/site-packages/sqlmesh/migrations/v0017_fix_windows_seed_path.py'> (migrator.py:177)
2025-07-04 12:01:02,679 - MainThread - sqlmesh.core.state_sync.db.migrator - INFO - Applying migration <module 'sqlmesh.migrations.v0018_rename_snapshot_model_to_node' from '/usr/local/lib/python3.12/site-packages/sqlmesh/migrations/v0018_rename_snapshot_model_to_node.py'> (migrator.py:177)
2025-07-04 12:01:02,679 - MainThread - sqlmesh.core.state_sync.db.migrator - INFO - Applying migration <module 'sqlmesh.migrations.v0019_add_env_suffix_target' from '/usr/local/lib/python3.12/site-packages/sqlmesh/migrations/v0019_add_env_suffix_target.py'> (migrator.py:177)
2025-07-04 12:01:02,681 - MainThread - sqlmesh.core.state_sync.db.migrator - INFO - Applying migration <module 'sqlmesh.migrations.v0020_remove_redundant_attributes_from_dbt_models' from '/usr/local/lib/python3.12/site-packages/sqlmesh/migrations/v0020_remove_redundant_attributes_from_dbt_models.py'> (migrator.py:177)
2025-07-04 12:01:02,682 - MainThread - sqlmesh.core.state_sync.db.migrator - INFO - Applying migration <module 'sqlmesh.migrations.v0021_fix_table_properties' from '/usr/local/lib/python3.12/site-packages/sqlmesh/migrations/v0021_fix_table_properties.py'> (migrator.py:177)
2025-07-04 12:01:02,683 - MainThread - sqlmesh.core.state_sync.db.migrator - INFO - Applying migration <module 'sqlmesh.migrations.v0022_move_project_to_model' from '/usr/local/lib/python3.12/site-packages/sqlmesh/migrations/v0022_move_project_to_model.py'> (migrator.py:177)
2025-07-04 12:01:02,684 - MainThread - sqlmesh.core.state_sync.db.migrator - INFO - Applying migration <module 'sqlmesh.migrations.v0023_fix_added_models_with_forward_only_parents' from '/usr/local/lib/python3.12/site-packages/sqlmesh/migrations/v0023_fix_added_models_with_forward_only_parents.py'> (migrator.py:177)
2025-07-04 12:01:02,685 - MainThread - sqlmesh.core.state_sync.db.migrator - INFO - Applying migration <module 'sqlmesh.migrations.v0024_replace_model_kind_name_enum_with_value' from '/usr/local/lib/python3.12/site-packages/sqlmesh/migrations/v0024_replace_model_kind_name_enum_with_value.py'> (migrator.py:177)
2025-07-04 12:01:02,685 - MainThread - sqlmesh.core.state_sync.db.migrator - INFO - Applying migration <module 'sqlmesh.migrations.v0025_fix_intervals_and_missing_change_category' from '/usr/local/lib/python3.12/site-packages/sqlmesh/migrations/v0025_fix_intervals_and_missing_change_category.py'> (migrator.py:177)
2025-07-04 12:01:02,686 - MainThread - sqlmesh.core.state_sync.db.migrator - INFO - Applying migration <module 'sqlmesh.migrations.v0026_remove_dialect_from_seed' from '/usr/local/lib/python3.12/site-packages/sqlmesh/migrations/v0026_remove_dialect_from_seed.py'> (migrator.py:177)
2025-07-04 12:01:02,687 - MainThread - sqlmesh.core.state_sync.db.migrator - INFO - Applying migration <module 'sqlmesh.migrations.v0027_minute_interval_to_five' from '/usr/local/lib/python3.12/site-packages/sqlmesh/migrations/v0027_minute_interval_to_five.py'> (migrator.py:177)
2025-07-04 12:01:02,688 - MainThread - sqlmesh.core.state_sync.db.migrator - INFO - Applying migration <module 'sqlmesh.migrations.v0028_add_plan_dags_table' from '/usr/local/lib/python3.12/site-packages/sqlmesh/migrations/v0028_add_plan_dags_table.py'> (migrator.py:177)
2025-07-04 12:01:02,703 - MainThread - sqlmesh.core.state_sync.db.migrator - INFO - Applying migration <module 'sqlmesh.migrations.v0029_generate_schema_types_using_dialect' from '/usr/local/lib/python3.12/site-packages/sqlmesh/migrations/v0029_generate_schema_types_using_dialect.py'> (migrator.py:177)
2025-07-04 12:01:02,704 - MainThread - sqlmesh.core.state_sync.db.migrator - INFO - Applying migration <module 'sqlmesh.migrations.v0030_update_unrestorable_snapshots' from '/usr/local/lib/python3.12/site-packages/sqlmesh/migrations/v0030_update_unrestorable_snapshots.py'> (migrator.py:177)
2025-07-04 12:01:02,705 - MainThread - sqlmesh.core.state_sync.db.migrator - INFO - Applying migration <module 'sqlmesh.migrations.v0031_remove_dbt_target_fields' from '/usr/local/lib/python3.12/site-packages/sqlmesh/migrations/v0031_remove_dbt_target_fields.py'> (migrator.py:177)
2025-07-04 12:01:02,706 - MainThread - sqlmesh.core.state_sync.db.migrator - INFO - Applying migration <module 'sqlmesh.migrations.v0032_add_sqlmesh_version' from '/usr/local/lib/python3.12/site-packages/sqlmesh/migrations/v0032_add_sqlmesh_version.py'> (migrator.py:177)
2025-07-04 12:01:02,706 - MainThread - sqlmesh.core.state_sync.db.migrator - INFO - Applying migration <module 'sqlmesh.migrations.v0033_mysql_fix_blob_text_type' from '/usr/local/lib/python3.12/site-packages/sqlmesh/migrations/v0033_mysql_fix_blob_text_type.py'> (migrator.py:177)
2025-07-04 12:01:02,706 - MainThread - sqlmesh.core.state_sync.db.migrator - INFO - Applying migration <module 'sqlmesh.migrations.v0034_add_default_catalog' from '/usr/local/lib/python3.12/site-packages/sqlmesh/migrations/v0034_add_default_catalog.py'> (migrator.py:177)
2025-07-04 12:01:02,710 - MainThread - sqlmesh.core.state_sync.db.migrator - INFO - Applying migration <module 'sqlmesh.migrations.v0035_add_catalog_name_override' from '/usr/local/lib/python3.12/site-packages/sqlmesh/migrations/v0035_add_catalog_name_override.py'> (migrator.py:177)
2025-07-04 12:01:02,711 - MainThread - sqlmesh.core.state_sync.db.migrator - INFO - Applying migration <module 'sqlmesh.migrations.v0036_delete_plan_dags_bug_fix' from '/usr/local/lib/python3.12/site-packages/sqlmesh/migrations/v0036_delete_plan_dags_bug_fix.py'> (migrator.py:177)
2025-07-04 12:01:02,712 - MainThread - sqlmesh.core.state_sync.db.migrator - INFO - Applying migration <module 'sqlmesh.migrations.v0037_remove_dbt_is_incremental_macro' from '/usr/local/lib/python3.12/site-packages/sqlmesh/migrations/v0037_remove_dbt_is_incremental_macro.py'> (migrator.py:177)
2025-07-04 12:01:02,713 - MainThread - sqlmesh.core.state_sync.db.migrator - INFO - Applying migration <module 'sqlmesh.migrations.v0038_add_expiration_ts_to_snapshot' from '/usr/local/lib/python3.12/site-packages/sqlmesh/migrations/v0038_add_expiration_ts_to_snapshot.py'> (migrator.py:177)
2025-07-04 12:01:02,714 - MainThread - sqlmesh.core.state_sync.db.migrator - INFO - Applying migration <module 'sqlmesh.migrations.v0039_include_environment_in_plan_dag_spec' from '/usr/local/lib/python3.12/site-packages/sqlmesh/migrations/v0039_include_environment_in_plan_dag_spec.py'> (migrator.py:177)
2025-07-04 12:01:02,714 - MainThread - sqlmesh.core.state_sync.db.migrator - INFO - Applying migration <module 'sqlmesh.migrations.v0040_add_previous_finalized_snapshots' from '/usr/local/lib/python3.12/site-packages/sqlmesh/migrations/v0040_add_previous_finalized_snapshots.py'> (migrator.py:177)
2025-07-04 12:01:02,715 - MainThread - sqlmesh.core.state_sync.db.migrator - INFO - Applying migration <module 'sqlmesh.migrations.v0041_remove_hash_raw_query_attribute' from '/usr/local/lib/python3.12/site-packages/sqlmesh/migrations/v0041_remove_hash_raw_query_attribute.py'> (migrator.py:177)
2025-07-04 12:01:02,716 - MainThread - sqlmesh.core.state_sync.db.migrator - INFO - Applying migration <module 'sqlmesh.migrations.v0042_trim_indirect_versions' from '/usr/local/lib/python3.12/site-packages/sqlmesh/migrations/v0042_trim_indirect_versions.py'> (migrator.py:177)
2025-07-04 12:01:02,717 - MainThread - sqlmesh.core.state_sync.db.migrator - INFO - Applying migration <module 'sqlmesh.migrations.v0043_fix_remove_obsolete_attributes_in_plan_dags' from '/usr/local/lib/python3.12/site-packages/sqlmesh/migrations/v0043_fix_remove_obsolete_attributes_in_plan_dags.py'> (migrator.py:177)
2025-07-04 12:01:02,718 - MainThread - sqlmesh.core.state_sync.db.migrator - INFO - Applying migration <module 'sqlmesh.migrations.v0044_quote_identifiers_in_model_attributes' from '/usr/local/lib/python3.12/site-packages/sqlmesh/migrations/v0044_quote_identifiers_in_model_attributes.py'> (migrator.py:177)
2025-07-04 12:01:02,718 - MainThread - sqlmesh.core.state_sync.db.migrator - INFO - Applying migration <module 'sqlmesh.migrations.v0045_move_gateway_variable' from '/usr/local/lib/python3.12/site-packages/sqlmesh/migrations/v0045_move_gateway_variable.py'> (migrator.py:177)
2025-07-04 12:01:02,718 - MainThread - sqlmesh.core.state_sync.db.migrator - INFO - Applying migration <module 'sqlmesh.migrations.v0046_add_batch_concurrency' from '/usr/local/lib/python3.12/site-packages/sqlmesh/migrations/v0046_add_batch_concurrency.py'> (migrator.py:177)
2025-07-04 12:01:02,718 - MainThread - sqlmesh.core.state_sync.db.migrator - INFO - Applying migration <module 'sqlmesh.migrations.v0047_change_scd_string_to_column' from '/usr/local/lib/python3.12/site-packages/sqlmesh/migrations/v0047_change_scd_string_to_column.py'> (migrator.py:177)
2025-07-04 12:01:02,719 - MainThread - sqlmesh.core.state_sync.db.migrator - INFO - Applying migration <module 'sqlmesh.migrations.v0048_drop_indirect_versions' from '/usr/local/lib/python3.12/site-packages/sqlmesh/migrations/v0048_drop_indirect_versions.py'> (migrator.py:177)
2025-07-04 12:01:02,719 - MainThread - sqlmesh.core.state_sync.db.migrator - INFO - Applying migration <module 'sqlmesh.migrations.v0049_replace_identifier_with_version_in_seeds_table' from '/usr/local/lib/python3.12/site-packages/sqlmesh/migrations/v0049_replace_identifier_with_version_in_seeds_table.py'> (migrator.py:177)
2025-07-04 12:01:02,737 - MainThread - sqlmesh.core.state_sync.db.migrator - INFO - Applying migration <module 'sqlmesh.migrations.v0050_drop_seeds_table' from '/usr/local/lib/python3.12/site-packages/sqlmesh/migrations/v0050_drop_seeds_table.py'> (migrator.py:177)
2025-07-04 12:01:02,737 - MainThread - sqlmesh.core.state_sync.db.migrator - INFO - Applying migration <module 'sqlmesh.migrations.v0051_rename_column_descriptions' from '/usr/local/lib/python3.12/site-packages/sqlmesh/migrations/v0051_rename_column_descriptions.py'> (migrator.py:177)
2025-07-04 12:01:02,738 - MainThread - sqlmesh.core.state_sync.db.migrator - INFO - Applying migration <module 'sqlmesh.migrations.v0052_add_normalize_name_in_environment_naming_info' from '/usr/local/lib/python3.12/site-packages/sqlmesh/migrations/v0052_add_normalize_name_in_environment_naming_info.py'> (migrator.py:177)
2025-07-04 12:01:02,739 - MainThread - sqlmesh.core.state_sync.db.migrator - INFO - Applying migration <module 'sqlmesh.migrations.v0053_custom_model_kind_extra_attributes' from '/usr/local/lib/python3.12/site-packages/sqlmesh/migrations/v0053_custom_model_kind_extra_attributes.py'> (migrator.py:177)
2025-07-04 12:01:02,739 - MainThread - sqlmesh.core.state_sync.db.migrator - INFO - Applying migration <module 'sqlmesh.migrations.v0054_fix_trailing_comments' from '/usr/local/lib/python3.12/site-packages/sqlmesh/migrations/v0054_fix_trailing_comments.py'> (migrator.py:177)
2025-07-04 12:01:02,739 - MainThread - sqlmesh.core.state_sync.db.migrator - INFO - Applying migration <module 'sqlmesh.migrations.v0055_add_updated_ts_unpaused_ts_ttl_ms_unrestorable_to_snapshot' from '/usr/local/lib/python3.12/site-packages/sqlmesh/migrations/v0055_add_updated_ts_unpaused_ts_ttl_ms_unrestorable_to_snapshot.py'> (migrator.py:177)
2025-07-04 12:01:02,743 - MainThread - sqlmesh.core.state_sync.db.migrator - INFO - Applying migration <module 'sqlmesh.migrations.v0056_restore_table_indexes' from '/usr/local/lib/python3.12/site-packages/sqlmesh/migrations/v0056_restore_table_indexes.py'> (migrator.py:177)
2025-07-04 12:01:02,797 - MainThread - sqlmesh.core.state_sync.db.migrator - INFO - Applying migration <module 'sqlmesh.migrations.v0057_add_table_format' from '/usr/local/lib/python3.12/site-packages/sqlmesh/migrations/v0057_add_table_format.py'> (migrator.py:177)
2025-07-04 12:01:02,797 - MainThread - sqlmesh.core.state_sync.db.migrator - INFO - Applying migration <module 'sqlmesh.migrations.v0058_add_requirements' from '/usr/local/lib/python3.12/site-packages/sqlmesh/migrations/v0058_add_requirements.py'> (migrator.py:177)
2025-07-04 12:01:02,798 - MainThread - sqlmesh.core.state_sync.db.migrator - INFO - Applying migration <module 'sqlmesh.migrations.v0059_add_physical_version' from '/usr/local/lib/python3.12/site-packages/sqlmesh/migrations/v0059_add_physical_version.py'> (migrator.py:177)
2025-07-04 12:01:02,798 - MainThread - sqlmesh.core.state_sync.db.migrator - INFO - Applying migration <module 'sqlmesh.migrations.v0060_move_audits_to_model' from '/usr/local/lib/python3.12/site-packages/sqlmesh/migrations/v0060_move_audits_to_model.py'> (migrator.py:177)
2025-07-04 12:01:02,799 - MainThread - sqlmesh.core.state_sync.db.migrator - INFO - Applying migration <module 'sqlmesh.migrations.v0061_mysql_fix_blob_text_type' from '/usr/local/lib/python3.12/site-packages/sqlmesh/migrations/v0061_mysql_fix_blob_text_type.py'> (migrator.py:177)
2025-07-04 12:01:02,799 - MainThread - sqlmesh.core.state_sync.db.migrator - INFO - Applying migration <module 'sqlmesh.migrations.v0062_add_model_gateway' from '/usr/local/lib/python3.12/site-packages/sqlmesh/migrations/v0062_add_model_gateway.py'> (migrator.py:177)
2025-07-04 12:01:02,799 - MainThread - sqlmesh.core.state_sync.db.migrator - INFO - Applying migration <module 'sqlmesh.migrations.v0063_change_signals' from '/usr/local/lib/python3.12/site-packages/sqlmesh/migrations/v0063_change_signals.py'> (migrator.py:177)
2025-07-04 12:01:02,800 - MainThread - sqlmesh.core.state_sync.db.migrator - INFO - Applying migration <module 'sqlmesh.migrations.v0064_join_when_matched_strings' from '/usr/local/lib/python3.12/site-packages/sqlmesh/migrations/v0064_join_when_matched_strings.py'> (migrator.py:177)
2025-07-04 12:01:02,801 - MainThread - sqlmesh.core.state_sync.db.migrator - INFO - Applying migration <module 'sqlmesh.migrations.v0065_add_model_optimize' from '/usr/local/lib/python3.12/site-packages/sqlmesh/migrations/v0065_add_model_optimize.py'> (migrator.py:177)
2025-07-04 12:01:02,801 - MainThread - sqlmesh.core.state_sync.db.migrator - INFO - Applying migration <module 'sqlmesh.migrations.v0066_add_auto_restatements' from '/usr/local/lib/python3.12/site-packages/sqlmesh/migrations/v0066_add_auto_restatements.py'> (migrator.py:177)
2025-07-04 12:01:02,811 - MainThread - sqlmesh.core.state_sync.db.migrator - INFO - Applying migration <module 'sqlmesh.migrations.v0067_add_tsql_date_full_precision' from '/usr/local/lib/python3.12/site-packages/sqlmesh/migrations/v0067_add_tsql_date_full_precision.py'> (migrator.py:177)
2025-07-04 12:01:02,811 - MainThread - sqlmesh.core.state_sync.db.migrator - INFO - Applying migration <module 'sqlmesh.migrations.v0068_include_unrendered_query_in_metadata_hash' from '/usr/local/lib/python3.12/site-packages/sqlmesh/migrations/v0068_include_unrendered_query_in_metadata_hash.py'> (migrator.py:177)
2025-07-04 12:01:02,811 - MainThread - sqlmesh.core.state_sync.db.migrator - INFO - Applying migration <module 'sqlmesh.migrations.v0069_update_dev_table_suffix' from '/usr/local/lib/python3.12/site-packages/sqlmesh/migrations/v0069_update_dev_table_suffix.py'> (migrator.py:177)
2025-07-04 12:01:02,815 - MainThread - sqlmesh.core.state_sync.db.migrator - INFO - Applying migration <module 'sqlmesh.migrations.v0070_include_grains_in_metadata_hash' from '/usr/local/lib/python3.12/site-packages/sqlmesh/migrations/v0070_include_grains_in_metadata_hash.py'> (migrator.py:177)
2025-07-04 12:01:02,815 - MainThread - sqlmesh.core.state_sync.db.migrator - INFO - Applying migration <module 'sqlmesh.migrations.v0071_add_dev_version_to_intervals' from '/usr/local/lib/python3.12/site-packages/sqlmesh/migrations/v0071_add_dev_version_to_intervals.py'> (migrator.py:177)
2025-07-04 12:01:02,818 - MainThread - sqlmesh.core.state_sync.db.migrator - INFO - Applying migration <module 'sqlmesh.migrations.v0072_add_environment_statements' from '/usr/local/lib/python3.12/site-packages/sqlmesh/migrations/v0072_add_environment_statements.py'> (migrator.py:177)
2025-07-04 12:01:02,828 - MainThread - sqlmesh.core.state_sync.db.migrator - INFO - Applying migration <module 'sqlmesh.migrations.v0073_remove_symbolic_disable_restatement' from '/usr/local/lib/python3.12/site-packages/sqlmesh/migrations/v0073_remove_symbolic_disable_restatement.py'> (migrator.py:177)
2025-07-04 12:01:02,829 - MainThread - sqlmesh.core.state_sync.db.migrator - INFO - Applying migration <module 'sqlmesh.migrations.v0074_add_partition_by_time_column_property' from '/usr/local/lib/python3.12/site-packages/sqlmesh/migrations/v0074_add_partition_by_time_column_property.py'> (migrator.py:177)
2025-07-04 12:01:02,830 - MainThread - sqlmesh.core.state_sync.db.migrator - INFO - Applying migration <module 'sqlmesh.migrations.v0075_remove_validate_query' from '/usr/local/lib/python3.12/site-packages/sqlmesh/migrations/v0075_remove_validate_query.py'> (migrator.py:177)
2025-07-04 12:01:02,830 - MainThread - sqlmesh.core.state_sync.db.migrator - INFO - Applying migration <module 'sqlmesh.migrations.v0076_add_cron_tz' from '/usr/local/lib/python3.12/site-packages/sqlmesh/migrations/v0076_add_cron_tz.py'> (migrator.py:177)
2025-07-04 12:01:02,830 - MainThread - sqlmesh.core.state_sync.db.migrator - INFO - Applying migration <module 'sqlmesh.migrations.v0077_fix_column_type_hash_calculation' from '/usr/local/lib/python3.12/site-packages/sqlmesh/migrations/v0077_fix_column_type_hash_calculation.py'> (migrator.py:177)
2025-07-04 12:01:02,830 - MainThread - sqlmesh.core.state_sync.db.migrator - INFO - Applying migration <module 'sqlmesh.migrations.v0078_warn_if_non_migratable_python_env' from '/usr/local/lib/python3.12/site-packages/sqlmesh/migrations/v0078_warn_if_non_migratable_python_env.py'> (migrator.py:177)
2025-07-04 12:01:02,831 - MainThread - sqlmesh.core.state_sync.db.migrator - INFO - Applying migration <module 'sqlmesh.migrations.v0079_add_gateway_managed_property' from '/usr/local/lib/python3.12/site-packages/sqlmesh/migrations/v0079_add_gateway_managed_property.py'> (migrator.py:177)
2025-07-04 12:01:02,832 - MainThread - sqlmesh.core.state_sync.db.migrator - INFO - Applying migration <module 'sqlmesh.migrations.v0080_add_batch_size_to_scd_type_2_models' from '/usr/local/lib/python3.12/site-packages/sqlmesh/migrations/v0080_add_batch_size_to_scd_type_2_models.py'> (migrator.py:177)
2025-07-04 12:01:02,832 - MainThread - sqlmesh.core.state_sync.db.migrator - INFO - Applying migration <module 'sqlmesh.migrations.v0081_update_partitioned_by' from '/usr/local/lib/python3.12/site-packages/sqlmesh/migrations/v0081_update_partitioned_by.py'> (migrator.py:177)
2025-07-04 12:01:02,833 - MainThread - sqlmesh.core.state_sync.db.migrator - INFO - Applying migration <module 'sqlmesh.migrations.v0082_warn_if_incorrectly_duplicated_statements' from '/usr/local/lib/python3.12/site-packages/sqlmesh/migrations/v0082_warn_if_incorrectly_duplicated_statements.py'> (migrator.py:177)
2025-07-04 12:01:02,835 - MainThread - sqlmesh.core.state_sync.db.migrator - INFO - Applying migration <module 'sqlmesh.migrations.v0083_use_sql_for_scd_time_data_type_data_hash' from '/usr/local/lib/python3.12/site-packages/sqlmesh/migrations/v0083_use_sql_for_scd_time_data_type_data_hash.py'> (migrator.py:177)
2025-07-04 12:01:02,835 - MainThread - sqlmesh.core.state_sync.db.migrator - INFO - Applying migration <module 'sqlmesh.migrations.v0084_normalize_quote_when_matched_and_merge_filter' from '/usr/local/lib/python3.12/site-packages/sqlmesh/migrations/v0084_normalize_quote_when_matched_and_merge_filter.py'> (migrator.py:177)
2025-07-04 12:01:02,836 - MainThread - sqlmesh.core.state_sync.db.migrator - INFO - Fetching environments (migrator.py:196)
2025-07-04 12:01:02,836 - MainThread - sqlmesh.core.state_sync.db.migrator - INFO - Migrating snapshot rows... (migrator.py:213)
2025-07-04 12:01:02,837 - MainThread - sqlmesh.core.state_sync.db.migrator - INFO - No changes to snapshots detected (migrator.py:206)
2025-07-04 12:01:03,214 - MainThread - root - INFO - Shutting down the event dispatcher (dispatcher.py:159)
